<?xml version="1.0" encoding="UTF-8"?>
<testsuite name="Test"
           tests="5"
           failures="0"
           errors="0"
           skipped="0"
           time="26.282">
  <properties />
  
  
            <testcase name="Login_ClientHighUser" time="6.608" classname="testsuits.Test_T4_login" />
                <testcase name="Login_incorrect_PWD" time="1.390" classname="testsuits.Test_T4_login" />
                <testcase name="Login_MasterUser" time="6.576" classname="testsuits.Test_T4_login" />
                <testcase name="Login_BasicUser" time="10.290" classname="testsuits.Test_T4_login" />
                <testcase name="Login_incorrect_Username" time="1.418" classname="testsuits.Test_T4_login" />
      
</testsuite>
